# JRE version: OpenJDK Runtime Environment (8.0_242-b01) (build 1.8.0_242-release-1644-b01)
# Java VM: OpenJDK 64-Bit Server VM (25.242-b01 mixed mode windows-amd64 compressed oops)
Heap:
 PSYoungGen      total 399872K, used 0K [0x00000000e0000000, 0x00000000ffc80000, 0x0000000100000000)
  eden space 285184K, 0% used [0x00000000e0000000,0x00000000e0000000,0x00000000f1680000)
  from space 114688K, 0% used [0x00000000f8c80000,0x00000000f8c80000,0x00000000ffc80000)
  to   space 117760K, 0% used [0x00000000f1680000,0x00000000f1680000,0x00000000f8980000)
 ParOldGen       total 245760K, used 72465K [0x00000000a0000000, 0x00000000af000000, 0x00000000e0000000)
  object space 245760K, 29% used [0x00000000a0000000,0x00000000a46c4750,0x00000000af000000)
 Metaspace       used 104820K, capacity 113256K, committed 114224K, reserved 1148928K
  class space    used 13234K, capacity 14687K, committed 14896K, reserved 1048576K
GC Heap History (10 events):
Event: 4643.027 GC heap after
Heap after GC invocations=50 (full 4):
 PSYoungGen      total 396800K, used 99112K [0x00000000e0000000, 0x0000000100000000, 0x0000000100000000)
  eden space 296960K, 0% used [0x00000000e0000000,0x00000000e0000000,0x00000000f2200000)
  from space 99840K, 99% used [0x00000000f9e80000,0x00000000fff4a188,0x0000000100000000)
  to   space 113664K, 0% used [0x00000000f2200000,0x00000000f2200000,0x00000000f9100000)
 ParOldGen       total 245760K, used 200611K [0x00000000a0000000, 0x00000000af000000, 0x00000000e0000000)
  object space 245760K, 81% used [0x00000000a0000000,0x00000000ac3e8de0,0x00000000af000000)
 Metaspace       used 103143K, capacity 110064K, committed 110384K, reserved 1144832K
  class space    used 13008K, capacity 14270K, committed 14384K, reserved 1048576K
}
Event: 6278.702 GC heap before
{Heap before GC invocations=51 (full 4):
 PSYoungGen      total 396800K, used 396072K [0x00000000e0000000, 0x0000000100000000, 0x0000000100000000)
  eden space 296960K, 100% used [0x00000000e0000000,0x00000000f2200000,0x00000000f2200000)
  from space 99840K, 99% used [0x00000000f9e80000,0x00000000fff4a188,0x0000000100000000)
  to   space 113664K, 0% used [0x00000000f2200000,0x00000000f2200000,0x00000000f9100000)
 ParOldGen       total 245760K, used 200611K [0x00000000a0000000, 0x00000000af000000, 0x00000000e0000000)
  object space 245760K, 81% used [0x00000000a0000000,0x00000000ac3e8de0,0x00000000af000000)
 Metaspace       used 104500K, capacity 112980K, committed 113072K, reserved 1146880K
  class space    used 13251K, capacity 14722K, committed 14768K, reserved 1048576K
Event: 6278.961 GC heap after
Heap after GC invocations=51 (full 4):
 PSYoungGen      total 410624K, used 57367K [0x00000000e0000000, 0x0000000100000000, 0x0000000100000000)
  eden space 296960K, 0% used [0x00000000e0000000,0x00000000e0000000,0x00000000f2200000)
  from space 113664K, 50% used [0x00000000f2200000,0x00000000f5a05dd0,0x00000000f9100000)
  to   space 108544K, 0% used [0x00000000f9600000,0x00000000f9600000,0x0000000100000000)
 ParOldGen       total 245760K, used 200971K [0x00000000a0000000, 0x00000000af000000, 0x00000000e0000000)
  object space 245760K, 81% used [0x00000000a0000000,0x00000000ac442e00,0x00000000af000000)
 Metaspace       used 104500K, capacity 112980K, committed 113072K, reserved 1146880K
  class space    used 13251K, capacity 14722K, committed 14768K, reserved 1048576K
}
Event: 6283.227 GC heap before
{Heap before GC invocations=52 (full 4):
 PSYoungGen      total 410624K, used 354327K [0x00000000e0000000, 0x0000000100000000, 0x0000000100000000)
  eden space 296960K, 100% used [0x00000000e0000000,0x00000000f2200000,0x00000000f2200000)
  from space 113664K, 50% used [0x00000000f2200000,0x00000000f5a05dd0,0x00000000f9100000)
  to   space 108544K, 0% used [0x00000000f9600000,0x00000000f9600000,0x0000000100000000)
 ParOldGen       total 245760K, used 200971K [0x00000000a0000000, 0x00000000af000000, 0x00000000e0000000)
  object space 245760K, 81% used [0x00000000a0000000,0x00000000ac442e00,0x00000000af000000)
 Metaspace       used 104532K, capacity 112980K, committed 113072K, reserved 1146880K
  class space    used 13251K, capacity 14722K, committed 14768K, reserved 1048576K
Event: 6283.476 GC heap after
Heap after GC invocations=52 (full 4):
 PSYoungGen      total 391168K, used 102259K [0x00000000e0000000, 0x0000000100000000, 0x0000000100000000)
  eden space 282624K, 0% used [0x00000000e0000000,0x00000000e0000000,0x00000000f1400000)
  from space 108544K, 94% used [0x00000000f9600000,0x00000000ff9dcdf8,0x0000000100000000)
  to   space 120832K, 0% used [0x00000000f1400000,0x00000000f1400000,0x00000000f8a00000)
 ParOldGen       total 245760K, used 207275K [0x00000000a0000000, 0x00000000af000000, 0x00000000e0000000)
  object space 245760K, 84% used [0x00000000a0000000,0x00000000aca6ae20,0x00000000af000000)
 Metaspace       used 104532K, capacity 112980K, committed 113072K, reserved 1146880K
  class space    used 13251K, capacity 14722K, committed 14768K, reserved 1048576K
}
Event: 9133.046 GC heap before
{Heap before GC invocations=53 (full 4):
 PSYoungGen      total 391168K, used 384883K [0x00000000e0000000, 0x0000000100000000, 0x0000000100000000)
  eden space 282624K, 100% used [0x00000000e0000000,0x00000000f1400000,0x00000000f1400000)
  from space 108544K, 94% used [0x00000000f9600000,0x00000000ff9dcdf8,0x0000000100000000)
  to   space 120832K, 0% used [0x00000000f1400000,0x00000000f1400000,0x00000000f8a00000)
 ParOldGen       total 245760K, used 207275K [0x00000000a0000000, 0x00000000af000000, 0x00000000e0000000)
  object space 245760K, 84% used [0x00000000a0000000,0x00000000aca6ae20,0x00000000af000000)
 Metaspace       used 104775K, capacity 113262K, committed 113328K, reserved 1148928K
  class space    used 13276K, capacity 14767K, committed 14768K, reserved 1048576K
Event: 9133.230 GC heap after
Heap after GC invocations=53 (full 4):
 PSYoungGen      total 403456K, used 38832K [0x00000000e0000000, 0x0000000100000000, 0x0000000100000000)
  eden space 282624K, 0% used [0x00000000e0000000,0x00000000e0000000,0x00000000f1400000)
  from space 120832K, 32% used [0x00000000f1400000,0x00000000f39ec078,0x00000000f8a00000)
  to   space 118272K, 0% used [0x00000000f8c80000,0x00000000f8c80000,0x0000000100000000)
 ParOldGen       total 245760K, used 207523K [0x00000000a0000000, 0x00000000af000000, 0x00000000e0000000)
  object space 245760K, 84% used [0x00000000a0000000,0x00000000acaa8e20,0x00000000af000000)
 Metaspace       used 104775K, capacity 113262K, committed 113328K, reserved 1148928K
  class space    used 13276K, capacity 14767K, committed 14768K, reserved 1048576K
}
Event: 9200.810 GC heap before
{Heap before GC invocations=54 (full 4):
 PSYoungGen      total 403456K, used 320824K [0x00000000e0000000, 0x0000000100000000, 0x0000000100000000)
  eden space 282624K, 99% used [0x00000000e0000000,0x00000000f1362018,0x00000000f1400000)
  from space 120832K, 32% used [0x00000000f1400000,0x00000000f39ec078,0x00000000f8a00000)
  to   space 118272K, 0% used [0x00000000f8c80000,0x00000000f8c80000,0x0000000100000000)
 ParOldGen       total 245760K, used 207523K [0x00000000a0000000, 0x00000000af000000, 0x00000000e0000000)
  object space 245760K, 84% used [0x00000000a0000000,0x00000000acaa8e20,0x00000000af000000)
 Metaspace       used 105295K, capacity 114054K, committed 114224K, reserved 1148928K
  class space    used 13314K, capacity 14836K, committed 14896K, reserved 1048576K
Event: 9200.937 GC heap after
Heap after GC invocations=54 (full 4):
 PSYoungGen      total 399872K, used 24376K [0x00000000e0000000, 0x00000000ffc80000, 0x0000000100000000)
  eden space 285184K, 0% used [0x00000000e0000000,0x00000000e0000000,0x00000000f1680000)
  from space 114688K, 21% used [0x00000000f8c80000,0x00000000fa44e2b8,0x00000000ffc80000)
  to   space 117760K, 0% used [0x00000000f1680000,0x00000000f1680000,0x00000000f8980000)
 ParOldGen       total 245760K, used 222210K [0x00000000a0000000, 0x00000000af000000, 0x00000000e0000000)
  object space 245760K, 90% used [0x00000000a0000000,0x00000000ad9008f8,0x00000000af000000)
 Metaspace       used 105295K, capacity 114054K, committed 114224K, reserved 1148928K
  class space    used 13314K, capacity 14836K, committed 14896K, reserved 1048576K
}
Event: 9200.937 GC heap before
{Heap before GC invocations=55 (full 5):
 PSYoungGen      total 399872K, used 24376K [0x00000000e0000000, 0x00000000ffc80000, 0x0000000100000000)
  eden space 285184K, 0% used [0x00000000e0000000,0x00000000e0000000,0x00000000f1680000)
  from space 114688K, 21% used [0x00000000f8c80000,0x00000000fa44e2b8,0x00000000ffc80000)
  to   space 117760K, 0% used [0x00000000f1680000,0x00000000f1680000,0x00000000f8980000)
 ParOldGen       total 245760K, used 222210K [0x00000000a0000000, 0x00000000af000000, 0x00000000e0000000)
  object space 245760K, 90% used [0x00000000a0000000,0x00000000ad9008f8,0x00000000af000000)
 Metaspace       used 105295K, capacity 114054K, committed 114224K, reserved 1148928K
  class space    used 13314K, capacity 14836K, committed 14896K, reserved 1048576K

