# JRE version: OpenJDK Runtime Environment (8.0_212-b04) (build 1.8.0_212-release-1586-b04)
# Java VM: OpenJDK 64-Bit Server VM (25.212-b04 mixed mode windows-amd64 compressed oops)
Heap:
 PSYoungGen      total 446464K, used 446363K [0x00000000e0000000, 0x0000000100000000, 0x0000000100000000)
  eden space 386048K, 99% used [0x00000000e0000000,0x00000000f78ee1c8,0x00000000f7900000)
  from space 60416K, 99% used [0x00000000f7900000,0x00000000fb3f8d28,0x00000000fb400000)
  to   space 77824K, 62% used [0x00000000fb400000,0x00000000fe342488,0x0000000100000000)
 ParOldGen       total 221696K, used 172586K [0x00000000a0000000, 0x00000000ad880000, 0x00000000e0000000)
  object space 221696K, 77% used [0x00000000a0000000,0x00000000aa88aad0,0x00000000ad880000)
 Metaspace       used 96456K, capacity 101394K, committed 101656K, reserved 1136640K
  class space    used 12503K, capacity 13514K, committed 13608K, reserved 1048576K
GC Heap History (10 events):
Event: 110.721 GC heap after
Heap after GC invocations=21 (full 4):
 PSYoungGen      total 380416K, used 33969K [0x00000000e0000000, 0x00000000fe780000, 0x0000000100000000)
  eden space 330240K, 0% used [0x00000000e0000000,0x00000000e0000000,0x00000000f4280000)
  from space 50176K, 67% used [0x00000000f4280000,0x00000000f63ac530,0x00000000f7380000)
  to   space 52736K, 0% used [0x00000000fb400000,0x00000000fb400000,0x00000000fe780000)
 ParOldGen       total 221696K, used 111497K [0x00000000a0000000, 0x00000000ad880000, 0x00000000e0000000)
  object space 221696K, 50% used [0x00000000a0000000,0x00000000a6ce2618,0x00000000ad880000)
 Metaspace       used 85520K, capacity 89612K, committed 90264K, reserved 1126400K
  class space    used 11419K, capacity 12291K, committed 12456K, reserved 1048576K
}
Event: 197.103 GC heap before
{Heap before GC invocations=22 (full 4):
 PSYoungGen      total 380416K, used 361659K [0x00000000e0000000, 0x00000000fe780000, 0x0000000100000000)
  eden space 330240K, 99% used [0x00000000e0000000,0x00000000f40027b8,0x00000000f4280000)
  from space 50176K, 67% used [0x00000000f4280000,0x00000000f63ac530,0x00000000f7380000)
  to   space 52736K, 0% used [0x00000000fb400000,0x00000000fb400000,0x00000000fe780000)
 ParOldGen       total 221696K, used 111497K [0x00000000a0000000, 0x00000000ad880000, 0x00000000e0000000)
  object space 221696K, 50% used [0x00000000a0000000,0x00000000a6ce2618,0x00000000ad880000)
 Metaspace       used 91857K, capacity 96366K, committed 96664K, reserved 1132544K
  class space    used 12189K, capacity 13112K, committed 13224K, reserved 1048576K
Event: 197.194 GC heap after
Heap after GC invocations=22 (full 4):
 PSYoungGen      total 421888K, used 18187K [0x00000000e0000000, 0x00000000fd880000, 0x0000000100000000)
  eden space 384512K, 0% used [0x00000000e0000000,0x00000000e0000000,0x00000000f7780000)
  from space 37376K, 48% used [0x00000000fb400000,0x00000000fc5c2e68,0x00000000fd880000)
  to   space 49664K, 0% used [0x00000000f7780000,0x00000000f7780000,0x00000000fa800000)
 ParOldGen       total 221696K, used 128968K [0x00000000a0000000, 0x00000000ad880000, 0x00000000e0000000)
  object space 221696K, 58% used [0x00000000a0000000,0x00000000a7df2110,0x00000000ad880000)
 Metaspace       used 91857K, capacity 96366K, committed 96664K, reserved 1132544K
  class space    used 12189K, capacity 13112K, committed 13224K, reserved 1048576K
}
Event: 272.636 GC heap before
{Heap before GC invocations=23 (full 4):
 PSYoungGen      total 421888K, used 402699K [0x00000000e0000000, 0x00000000fd880000, 0x0000000100000000)
  eden space 384512K, 100% used [0x00000000e0000000,0x00000000f7780000,0x00000000f7780000)
  from space 37376K, 48% used [0x00000000fb400000,0x00000000fc5c2e68,0x00000000fd880000)
  to   space 49664K, 0% used [0x00000000f7780000,0x00000000f7780000,0x00000000fa800000)
 ParOldGen       total 221696K, used 128968K [0x00000000a0000000, 0x00000000ad880000, 0x00000000e0000000)
  object space 221696K, 58% used [0x00000000a0000000,0x00000000a7df2110,0x00000000ad880000)
 Metaspace       used 92156K, capacity 96760K, committed 96920K, reserved 1132544K
  class space    used 12209K, capacity 13147K, committed 13224K, reserved 1048576K
Event: 272.658 GC heap after
Heap after GC invocations=23 (full 4):
 PSYoungGen      total 434176K, used 17826K [0x00000000e0000000, 0x0000000100000000, 0x0000000100000000)
  eden space 384512K, 0% used [0x00000000e0000000,0x00000000e0000000,0x00000000f7780000)
  from space 49664K, 35% used [0x00000000f7780000,0x00000000f88e8b88,0x00000000fa800000)
  to   space 47104K, 0% used [0x00000000fd200000,0x00000000fd200000,0x0000000100000000)
 ParOldGen       total 221696K, used 128976K [0x00000000a0000000, 0x00000000ad880000, 0x00000000e0000000)
  object space 221696K, 58% used [0x00000000a0000000,0x00000000a7df4110,0x00000000ad880000)
 Metaspace       used 92156K, capacity 96760K, committed 96920K, reserved 1132544K
  class space    used 12209K, capacity 13147K, committed 13224K, reserved 1048576K
}
Event: 278.889 GC heap before
{Heap before GC invocations=24 (full 4):
 PSYoungGen      total 434176K, used 402338K [0x00000000e0000000, 0x0000000100000000, 0x0000000100000000)
  eden space 384512K, 100% used [0x00000000e0000000,0x00000000f7780000,0x00000000f7780000)
  from space 49664K, 35% used [0x00000000f7780000,0x00000000f88e8b88,0x00000000fa800000)
  to   space 47104K, 0% used [0x00000000fd200000,0x00000000fd200000,0x0000000100000000)
 ParOldGen       total 221696K, used 128976K [0x00000000a0000000, 0x00000000ad880000, 0x00000000e0000000)
  object space 221696K, 58% used [0x00000000a0000000,0x00000000a7df4110,0x00000000ad880000)
 Metaspace       used 93434K, capacity 98024K, committed 98200K, reserved 1134592K
  class space    used 12247K, capacity 13195K, committed 13224K, reserved 1048576K
Event: 279.097 GC heap after
Heap after GC invocations=24 (full 4):
 PSYoungGen      total 433152K, used 47096K [0x00000000e0000000, 0x0000000100000000, 0x0000000100000000)
  eden space 386048K, 0% used [0x00000000e0000000,0x00000000e0000000,0x00000000f7900000)
  from space 47104K, 99% used [0x00000000fd200000,0x00000000ffffe070,0x0000000100000000)
  to   space 69120K, 0% used [0x00000000f7900000,0x00000000f7900000,0x00000000fbc80000)
 ParOldGen       total 221696K, used 168712K [0x00000000a0000000, 0x00000000ad880000, 0x00000000e0000000)
  object space 221696K, 76% used [0x00000000a0000000,0x00000000aa4c21d8,0x00000000ad880000)
 Metaspace       used 93434K, capacity 98024K, committed 98200K, reserved 1134592K
  class space    used 12247K, capacity 13195K, committed 13224K, reserved 1048576K
}
Event: 462.257 GC heap before
{Heap before GC invocations=25 (full 4):
 PSYoungGen      total 433152K, used 430237K [0x00000000e0000000, 0x0000000100000000, 0x0000000100000000)
  eden space 386048K, 99% used [0x00000000e0000000,0x00000000f7629480,0x00000000f7900000)
  from space 47104K, 99% used [0x00000000fd200000,0x00000000ffffe070,0x0000000100000000)
  to   space 69120K, 0% used [0x00000000f7900000,0x00000000f7900000,0x00000000fbc80000)
 ParOldGen       total 221696K, used 168712K [0x00000000a0000000, 0x00000000ad880000, 0x00000000e0000000)
  object space 221696K, 76% used [0x00000000a0000000,0x00000000aa4c21d8,0x00000000ad880000)
 Metaspace       used 96224K, capacity 101078K, committed 101400K, reserved 1136640K
  class space    used 12484K, capacity 13484K, committed 13608K, reserved 1048576K
Event: 462.392 GC heap after
Heap after GC invocations=25 (full 4):
 PSYoungGen      total 446464K, used 60387K [0x00000000e0000000, 0x0000000100000000, 0x0000000100000000)
  eden space 386048K, 0% used [0x00000000e0000000,0x00000000e0000000,0x00000000f7900000)
  from space 60416K, 99% used [0x00000000f7900000,0x00000000fb3f8d28,0x00000000fb400000)
  to   space 77824K, 0% used [0x00000000fb400000,0x00000000fb400000,0x0000000100000000)
 ParOldGen       total 221696K, used 172578K [0x00000000a0000000, 0x00000000ad880000, 0x00000000e0000000)
  object space 221696K, 77% used [0x00000000a0000000,0x00000000aa888ad0,0x00000000ad880000)
 Metaspace       used 96224K, capacity 101078K, committed 101400K, reserved 1136640K
  class space    used 12484K, capacity 13484K, committed 13608K, reserved 1048576K
}
Event: 604.450 GC heap before
{Heap before GC invocations=26 (full 4):
 PSYoungGen      total 446464K, used 446363K [0x00000000e0000000, 0x0000000100000000, 0x0000000100000000)
  eden space 386048K, 99% used [0x00000000e0000000,0x00000000f78ee1c8,0x00000000f7900000)
  from space 60416K, 99% used [0x00000000f7900000,0x00000000fb3f8d28,0x00000000fb400000)
  to   space 77824K, 0% used [0x00000000fb400000,0x00000000fb400000,0x0000000100000000)
 ParOldGen       total 221696K, used 172578K [0x00000000a0000000, 0x00000000ad880000, 0x00000000e0000000)
  object space 221696K, 77% used [0x00000000a0000000,0x00000000aa888ad0,0x00000000ad880000)
 Metaspace       used 96456K, capacity 101394K, committed 101656K, reserved 1136640K
  class space    used 12503K, capacity 13514K, committed 13608K, reserved 1048576K

