# JRE version: OpenJDK Runtime Environment (8.0_242-b01) (build 1.8.0_242-release-1644-b01)
# Java VM: OpenJDK 64-Bit Server VM (25.242-b01 mixed mode windows-amd64 compressed oops)
Heap:
 PSYoungGen      total 419328K, used 73191K [0x00000000e0000000, 0x0000000100000000, 0x0000000100000000)
  eden space 346112K, 0% used [0x00000000e0000000,0x00000000e0000000,0x00000000f5200000)
  from space 73216K, 99% used [0x00000000fb880000,0x00000000ffff9ec8,0x0000000100000000)
  to   space 89088K, 0% used [0x00000000f5200000,0x00000000f5200000,0x00000000fa900000)
 ParOldGen       total 242176K, used 207364K [0x00000000a0000000, 0x00000000aec80000, 0x00000000e0000000)
  object space 242176K, 85% used [0x00000000a0000000,0x00000000aca81228,0x00000000aec80000)
 Metaspace       used 95064K, capacity 99098K, committed 99288K, reserved 1136640K
  class space    used 12198K, capacity 12977K, committed 13056K, reserved 1048576K
GC Heap History (10 events):
Event: 134.417 GC heap after
Heap after GC invocations=22 (full 4):
 PSYoungGen      total 349696K, used 46050K [0x00000000e0000000, 0x00000000f9580000, 0x0000000100000000)
  eden space 303616K, 0% used [0x00000000e0000000,0x00000000e0000000,0x00000000f2880000)
  from space 46080K, 99% used [0x00000000f5d00000,0x00000000f89f8930,0x00000000f8a00000)
  to   space 53760K, 0% used [0x00000000f2880000,0x00000000f2880000,0x00000000f5d00000)
 ParOldGen       total 242176K, used 119033K [0x00000000a0000000, 0x00000000aec80000, 0x00000000e0000000)
  object space 242176K, 49% used [0x00000000a0000000,0x00000000a743e560,0x00000000aec80000)
 Metaspace       used 92893K, capacity 96516K, committed 96856K, reserved 1132544K
  class space    used 12090K, capacity 12820K, committed 12928K, reserved 1048576K
}
Event: 138.153 GC heap before
{Heap before GC invocations=23 (full 4):
 PSYoungGen      total 349696K, used 349666K [0x00000000e0000000, 0x00000000f9580000, 0x0000000100000000)
  eden space 303616K, 100% used [0x00000000e0000000,0x00000000f2880000,0x00000000f2880000)
  from space 46080K, 99% used [0x00000000f5d00000,0x00000000f89f8930,0x00000000f8a00000)
  to   space 53760K, 0% used [0x00000000f2880000,0x00000000f2880000,0x00000000f5d00000)
 ParOldGen       total 242176K, used 119033K [0x00000000a0000000, 0x00000000aec80000, 0x00000000e0000000)
  object space 242176K, 49% used [0x00000000a0000000,0x00000000a743e560,0x00000000aec80000)
 Metaspace       used 93337K, capacity 96950K, committed 97112K, reserved 1134592K
  class space    used 12095K, capacity 12825K, committed 12928K, reserved 1048576K
Event: 138.397 GC heap after
Heap after GC invocations=23 (full 4):
 PSYoungGen      total 357376K, used 53738K [0x00000000e0000000, 0x00000000ff280000, 0x0000000100000000)
  eden space 303616K, 0% used [0x00000000e0000000,0x00000000e0000000,0x00000000f2880000)
  from space 53760K, 99% used [0x00000000f2880000,0x00000000f5cfa900,0x00000000f5d00000)
  to   space 75776K, 0% used [0x00000000fa880000,0x00000000fa880000,0x00000000ff280000)
 ParOldGen       total 242176K, used 155535K [0x00000000a0000000, 0x00000000aec80000, 0x00000000e0000000)
  object space 242176K, 64% used [0x00000000a0000000,0x00000000a97e3f28,0x00000000aec80000)
 Metaspace       used 93337K, capacity 96950K, committed 97112K, reserved 1134592K
  class space    used 12095K, capacity 12825K, committed 12928K, reserved 1048576K
}
Event: 905.188 GC heap before
{Heap before GC invocations=24 (full 4):
 PSYoungGen      total 357376K, used 357354K [0x00000000e0000000, 0x00000000ff280000, 0x0000000100000000)
  eden space 303616K, 100% used [0x00000000e0000000,0x00000000f2880000,0x00000000f2880000)
  from space 53760K, 99% used [0x00000000f2880000,0x00000000f5cfa900,0x00000000f5d00000)
  to   space 75776K, 0% used [0x00000000fa880000,0x00000000fa880000,0x00000000ff280000)
 ParOldGen       total 242176K, used 155535K [0x00000000a0000000, 0x00000000aec80000, 0x00000000e0000000)
  object space 242176K, 64% used [0x00000000a0000000,0x00000000a97e3f28,0x00000000aec80000)
 Metaspace       used 94015K, capacity 97742K, committed 97880K, reserved 1134592K
  class space    used 12117K, capacity 12861K, committed 12928K, reserved 1048576K
Event: 905.726 GC heap after
Heap after GC invocations=24 (full 4):
 PSYoungGen      total 412160K, used 19750K [0x00000000e0000000, 0x00000000fe480000, 0x0000000100000000)
  eden space 350720K, 0% used [0x00000000e0000000,0x00000000e0000000,0x00000000f5680000)
  from space 61440K, 32% used [0x00000000fa880000,0x00000000fbbc9860,0x00000000fe480000)
  to   space 72704K, 0% used [0x00000000f5680000,0x00000000f5680000,0x00000000f9d80000)
 ParOldGen       total 242176K, used 196936K [0x00000000a0000000, 0x00000000aec80000, 0x00000000e0000000)
  object space 242176K, 81% used [0x00000000a0000000,0x00000000ac0523b0,0x00000000aec80000)
 Metaspace       used 94015K, capacity 97742K, committed 97880K, reserved 1134592K
  class space    used 12117K, capacity 12861K, committed 12928K, reserved 1048576K
}
Event: 916.049 GC heap before
{Heap before GC invocations=25 (full 4):
 PSYoungGen      total 412160K, used 370470K [0x00000000e0000000, 0x00000000fe480000, 0x0000000100000000)
  eden space 350720K, 100% used [0x00000000e0000000,0x00000000f5680000,0x00000000f5680000)
  from space 61440K, 32% used [0x00000000fa880000,0x00000000fbbc9860,0x00000000fe480000)
  to   space 72704K, 0% used [0x00000000f5680000,0x00000000f5680000,0x00000000f9d80000)
 ParOldGen       total 242176K, used 196936K [0x00000000a0000000, 0x00000000aec80000, 0x00000000e0000000)
  object space 242176K, 81% used [0x00000000a0000000,0x00000000ac0523b0,0x00000000aec80000)
 Metaspace       used 94706K, capacity 98646K, committed 98776K, reserved 1134592K
  class space    used 12169K, capacity 12957K, committed 13056K, reserved 1048576K
Event: 916.153 GC heap after
Heap after GC invocations=25 (full 4):
 PSYoungGen      total 423424K, used 41378K [0x00000000e0000000, 0x0000000100000000, 0x0000000100000000)
  eden space 350720K, 0% used [0x00000000e0000000,0x00000000e0000000,0x00000000f5680000)
  from space 72704K, 56% used [0x00000000f5680000,0x00000000f7ee8b18,0x00000000f9d80000)
  to   space 73216K, 0% used [0x00000000fb880000,0x00000000fb880000,0x0000000100000000)
 ParOldGen       total 242176K, used 196944K [0x00000000a0000000, 0x00000000aec80000, 0x00000000e0000000)
  object space 242176K, 81% used [0x00000000a0000000,0x00000000ac0543b0,0x00000000aec80000)
 Metaspace       used 94706K, capacity 98646K, committed 98776K, reserved 1134592K
  class space    used 12169K, capacity 12957K, committed 13056K, reserved 1048576K
}
Event: 921.822 GC heap before
{Heap before GC invocations=26 (full 4):
 PSYoungGen      total 423424K, used 392098K [0x00000000e0000000, 0x0000000100000000, 0x0000000100000000)
  eden space 350720K, 100% used [0x00000000e0000000,0x00000000f5680000,0x00000000f5680000)
  from space 72704K, 56% used [0x00000000f5680000,0x00000000f7ee8b18,0x00000000f9d80000)
  to   space 73216K, 0% used [0x00000000fb880000,0x00000000fb880000,0x0000000100000000)
 ParOldGen       total 242176K, used 196944K [0x00000000a0000000, 0x00000000aec80000, 0x00000000e0000000)
  object space 242176K, 81% used [0x00000000a0000000,0x00000000ac0543b0,0x00000000aec80000)
 Metaspace       used 95064K, capacity 99098K, committed 99288K, reserved 1136640K
  class space    used 12198K, capacity 12977K, committed 13056K, reserved 1048576K
Event: 922.012 GC heap after
Heap after GC invocations=26 (full 4):
 PSYoungGen      total 419328K, used 73191K [0x00000000e0000000, 0x0000000100000000, 0x0000000100000000)
  eden space 346112K, 0% used [0x00000000e0000000,0x00000000e0000000,0x00000000f5200000)
  from space 73216K, 99% used [0x00000000fb880000,0x00000000ffff9ec8,0x0000000100000000)
  to   space 89088K, 0% used [0x00000000f5200000,0x00000000f5200000,0x00000000fa900000)
 ParOldGen       total 242176K, used 207364K [0x00000000a0000000, 0x00000000aec80000, 0x00000000e0000000)
  object space 242176K, 85% used [0x00000000a0000000,0x00000000aca81228,0x00000000aec80000)
 Metaspace       used 95064K, capacity 99098K, committed 99288K, reserved 1136640K
  class space    used 12198K, capacity 12977K, committed 13056K, reserved 1048576K
}
Event: 922.045 GC heap before
{Heap before GC invocations=27 (full 5):
 PSYoungGen      total 419328K, used 73191K [0x00000000e0000000, 0x0000000100000000, 0x0000000100000000)
  eden space 346112K, 0% used [0x00000000e0000000,0x00000000e0000000,0x00000000f5200000)
  from space 73216K, 99% used [0x00000000fb880000,0x00000000ffff9ec8,0x0000000100000000)
  to   space 89088K, 0% used [0x00000000f5200000,0x00000000f5200000,0x00000000fa900000)
 ParOldGen       total 242176K, used 207364K [0x00000000a0000000, 0x00000000aec80000, 0x00000000e0000000)
  object space 242176K, 85% used [0x00000000a0000000,0x00000000aca81228,0x00000000aec80000)
 Metaspace       used 95064K, capacity 99098K, committed 99288K, reserved 1136640K
  class space    used 12198K, capacity 12977K, committed 13056K, reserved 1048576K

