# JRE version: OpenJDK Runtime Environment (8.0_242-b01) (build 1.8.0_242-release-1644-b01)
# Java VM: OpenJDK 64-Bit Server VM (25.242-b01 mixed mode windows-amd64 compressed oops)
Heap:
 PSYoungGen      total 226304K, used 131879K [0x00000000e0000000, 0x00000000efb00000, 0x0000000100000000)
  eden space 206848K, 54% used [0x00000000e0000000,0x00000000e6dce1d8,0x00000000eca00000)
  from space 19456K, 99% used [0x00000000ee100000,0x00000000ef3fbb80,0x00000000ef400000)
  to   space 23552K, 0% used [0x00000000eca00000,0x00000000eca00000,0x00000000ee100000)
 ParOldGen       total 123904K, used 36262K [0x00000000a0000000, 0x00000000a7900000, 0x00000000e0000000)
  object space 123904K, 29% used [0x00000000a0000000,0x00000000a2369908,0x00000000a7900000)
 Metaspace       used 78331K, capacity 81578K, committed 81792K, reserved 1120256K
  class space    used 10451K, capacity 11131K, committed 11136K, reserved 1048576K
GC Heap History (10 events):
Event: 14.230 GC heap before
{Heap before GC invocations=13 (full 2):
 PSYoungGen      total 142336K, used 141335K [0x00000000e0000000, 0x00000000eac00000, 0x0000000100000000)
  eden space 130560K, 100% used [0x00000000e0000000,0x00000000e7f80000,0x00000000e7f80000)
  from space 11776K, 91% used [0x00000000e8c00000,0x00000000e9685c58,0x00000000e9780000)
  to   space 12800K, 0% used [0x00000000e7f80000,0x00000000e7f80000,0x00000000e8c00000)
 ParOldGen       total 84480K, used 17946K [0x00000000a0000000, 0x00000000a5280000, 0x00000000e0000000)
  object space 84480K, 21% used [0x00000000a0000000,0x00000000a11868e0,0x00000000a5280000)
 Metaspace       used 51409K, capacity 53130K, committed 53248K, reserved 1095680K
  class space    used 6804K, capacity 7152K, committed 7168K, reserved 1048576K
Event: 14.274 GC heap after
Heap after GC invocations=13 (full 2):
 PSYoungGen      total 143360K, used 12780K [0x00000000e0000000, 0x00000000ec600000, 0x0000000100000000)
  eden space 130560K, 0% used [0x00000000e0000000,0x00000000e0000000,0x00000000e7f80000)
  from space 12800K, 99% used [0x00000000e7f80000,0x00000000e8bfb310,0x00000000e8c00000)
  to   space 17408K, 0% used [0x00000000eb500000,0x00000000eb500000,0x00000000ec600000)
 ParOldGen       total 84480K, used 26186K [0x00000000a0000000, 0x00000000a5280000, 0x00000000e0000000)
  object space 84480K, 30% used [0x00000000a0000000,0x00000000a1992960,0x00000000a5280000)
 Metaspace       used 51409K, capacity 53130K, committed 53248K, reserved 1095680K
  class space    used 6804K, capacity 7152K, committed 7168K, reserved 1048576K
}
Event: 15.827 GC heap before
{Heap before GC invocations=14 (full 2):
 PSYoungGen      total 143360K, used 78950K [0x00000000e0000000, 0x00000000ec600000, 0x0000000100000000)
  eden space 130560K, 50% used [0x00000000e0000000,0x00000000e409e798,0x00000000e7f80000)
  from space 12800K, 99% used [0x00000000e7f80000,0x00000000e8bfb310,0x00000000e8c00000)
  to   space 17408K, 0% used [0x00000000eb500000,0x00000000eb500000,0x00000000ec600000)
 ParOldGen       total 84480K, used 26186K [0x00000000a0000000, 0x00000000a5280000, 0x00000000e0000000)
  object space 84480K, 30% used [0x00000000a0000000,0x00000000a1992960,0x00000000a5280000)
 Metaspace       used 56893K, capacity 58990K, committed 59008K, reserved 1099776K
  class space    used 7607K, capacity 8051K, committed 8064K, reserved 1048576K
Event: 15.864 GC heap after
Heap after GC invocations=14 (full 2):
 PSYoungGen      total 183808K, used 14749K [0x00000000e0000000, 0x00000000ecc80000, 0x0000000100000000)
  eden space 166400K, 0% used [0x00000000e0000000,0x00000000e0000000,0x00000000ea280000)
  from space 17408K, 84% used [0x00000000eb500000,0x00000000ec3675b0,0x00000000ec600000)
  to   space 18944K, 0% used [0x00000000ea280000,0x00000000ea280000,0x00000000eb500000)
 ParOldGen       total 84480K, used 31956K [0x00000000a0000000, 0x00000000a5280000, 0x00000000e0000000)
  object space 84480K, 37% used [0x00000000a0000000,0x00000000a1f35230,0x00000000a5280000)
 Metaspace       used 56893K, capacity 58990K, committed 59008K, reserved 1099776K
  class space    used 7607K, capacity 8051K, committed 8064K, reserved 1048576K
}
Event: 15.864 GC heap before
{Heap before GC invocations=15 (full 3):
 PSYoungGen      total 183808K, used 14749K [0x00000000e0000000, 0x00000000ecc80000, 0x0000000100000000)
  eden space 166400K, 0% used [0x00000000e0000000,0x00000000e0000000,0x00000000ea280000)
  from space 17408K, 84% used [0x00000000eb500000,0x00000000ec3675b0,0x00000000ec600000)
  to   space 18944K, 0% used [0x00000000ea280000,0x00000000ea280000,0x00000000eb500000)
 ParOldGen       total 84480K, used 31956K [0x00000000a0000000, 0x00000000a5280000, 0x00000000e0000000)
  object space 84480K, 37% used [0x00000000a0000000,0x00000000a1f35230,0x00000000a5280000)
 Metaspace       used 56893K, capacity 58990K, committed 59008K, reserved 1099776K
  class space    used 7607K, capacity 8051K, committed 8064K, reserved 1048576K
Event: 16.074 GC heap after
Heap after GC invocations=15 (full 3):
 PSYoungGen      total 183808K, used 0K [0x00000000e0000000, 0x00000000ecc80000, 0x0000000100000000)
  eden space 166400K, 0% used [0x00000000e0000000,0x00000000e0000000,0x00000000ea280000)
  from space 17408K, 0% used [0x00000000eb500000,0x00000000eb500000,0x00000000ec600000)
  to   space 18944K, 0% used [0x00000000ea280000,0x00000000ea280000,0x00000000eb500000)
 ParOldGen       total 123904K, used 32791K [0x00000000a0000000, 0x00000000a7900000, 0x00000000e0000000)
  object space 123904K, 26% used [0x00000000a0000000,0x00000000a2005ec8,0x00000000a7900000)
 Metaspace       used 56833K, capacity 58838K, committed 59008K, reserved 1099776K
  class space    used 7591K, capacity 8031K, committed 8064K, reserved 1048576K
}
Event: 18.743 GC heap before
{Heap before GC invocations=16 (full 3):
 PSYoungGen      total 183808K, used 166400K [0x00000000e0000000, 0x00000000ecc80000, 0x0000000100000000)
  eden space 166400K, 100% used [0x00000000e0000000,0x00000000ea280000,0x00000000ea280000)
  from space 17408K, 0% used [0x00000000eb500000,0x00000000eb500000,0x00000000ec600000)
  to   space 18944K, 0% used [0x00000000ea280000,0x00000000ea280000,0x00000000eb500000)
 ParOldGen       total 123904K, used 32791K [0x00000000a0000000, 0x00000000a7900000, 0x00000000e0000000)
  object space 123904K, 26% used [0x00000000a0000000,0x00000000a2005ec8,0x00000000a7900000)
 Metaspace       used 64390K, capacity 66860K, committed 66944K, reserved 1107968K
  class space    used 8759K, capacity 9298K, committed 9344K, reserved 1048576K
Event: 18.784 GC heap after
Heap after GC invocations=16 (full 3):
 PSYoungGen      total 185344K, used 13502K [0x00000000e0000000, 0x00000000ef400000, 0x0000000100000000)
  eden space 166400K, 0% used [0x00000000e0000000,0x00000000e0000000,0x00000000ea280000)
  from space 18944K, 71% used [0x00000000ea280000,0x00000000eafafba0,0x00000000eb500000)
  to   space 19456K, 0% used [0x00000000ee100000,0x00000000ee100000,0x00000000ef400000)
 ParOldGen       total 123904K, used 32791K [0x00000000a0000000, 0x00000000a7900000, 0x00000000e0000000)
  object space 123904K, 26% used [0x00000000a0000000,0x00000000a2005ec8,0x00000000a7900000)
 Metaspace       used 64390K, capacity 66860K, committed 66944K, reserved 1107968K
  class space    used 8759K, capacity 9298K, committed 9344K, reserved 1048576K
}
Event: 22.343 GC heap before
{Heap before GC invocations=17 (full 3):
 PSYoungGen      total 185344K, used 179902K [0x00000000e0000000, 0x00000000ef400000, 0x0000000100000000)
  eden space 166400K, 100% used [0x00000000e0000000,0x00000000ea280000,0x00000000ea280000)
  from space 18944K, 71% used [0x00000000ea280000,0x00000000eafafba0,0x00000000eb500000)
  to   space 19456K, 0% used [0x00000000ee100000,0x00000000ee100000,0x00000000ef400000)
 ParOldGen       total 123904K, used 32791K [0x00000000a0000000, 0x00000000a7900000, 0x00000000e0000000)
  object space 123904K, 26% used [0x00000000a0000000,0x00000000a2005ec8,0x00000000a7900000)
 Metaspace       used 71416K, capacity 74284K, committed 74624K, reserved 1114112K
  class space    used 9667K, capacity 10254K, committed 10368K, reserved 1048576K
Event: 22.388 GC heap after
Heap after GC invocations=17 (full 3):
 PSYoungGen      total 226304K, used 19438K [0x00000000e0000000, 0x00000000efb00000, 0x0000000100000000)
  eden space 206848K, 0% used [0x00000000e0000000,0x00000000e0000000,0x00000000eca00000)
  from space 19456K, 99% used [0x00000000ee100000,0x00000000ef3fbb80,0x00000000ef400000)
  to   space 23552K, 0% used [0x00000000eca00000,0x00000000eca00000,0x00000000ee100000)
 ParOldGen       total 123904K, used 36262K [0x00000000a0000000, 0x00000000a7900000, 0x00000000e0000000)
  object space 123904K, 29% used [0x00000000a0000000,0x00000000a2369908,0x00000000a7900000)
 Metaspace       used 71416K, capacity 74284K, committed 74624K, reserved 1114112K
  class space    used 9667K, capacity 10254K, committed 10368K, reserved 1048576K
}

