# JRE version: OpenJDK Runtime Environment (8.0_242-b01) (build 1.8.0_242-release-1644-b01)
# Java VM: OpenJDK 64-Bit Server VM (25.242-b01 mixed mode windows-amd64 compressed oops)
Heap:
 PSYoungGen      total 397312K, used 34807K [0x00000000e0000000, 0x0000000100000000, 0x0000000100000000)
  eden space 362496K, 0% used [0x00000000e0000000,0x00000000e0000000,0x00000000f6200000)
  from space 34816K, 99% used [0x00000000f6200000,0x00000000f83fddc0,0x00000000f8400000)
  to   space 69632K, 0% used [0x00000000fbc00000,0x00000000fbc00000,0x0000000100000000)
 ParOldGen       total 165888K, used 165487K [0x00000000a0000000, 0x00000000aa200000, 0x00000000e0000000)
  object space 165888K, 99% used [0x00000000a0000000,0x00000000aa19bd38,0x00000000aa200000)
 Metaspace       used 91261K, capacity 96004K, committed 96304K, reserved 1132544K
  class space    used 12091K, capacity 13014K, committed 13104K, reserved 1048576K
GC Heap History (10 events):
Event: 163.556 GC heap after
Heap after GC invocations=18 (full 3):
 PSYoungGen      total 291328K, used 20474K [0x00000000e0000000, 0x00000000f8080000, 0x0000000100000000)
  eden space 270848K, 0% used [0x00000000e0000000,0x00000000e0000000,0x00000000f0880000)
  from space 20480K, 99% used [0x00000000f0880000,0x00000000f1c7e968,0x00000000f1c80000)
  to   space 28672K, 0% used [0x00000000f6480000,0x00000000f6480000,0x00000000f8080000)
 ParOldGen       total 107008K, used 66590K [0x00000000a0000000, 0x00000000a6880000, 0x00000000e0000000)
  object space 107008K, 62% used [0x00000000a0000000,0x00000000a41079e0,0x00000000a6880000)
 Metaspace       used 75531K, capacity 78816K, committed 78896K, reserved 1118208K
  class space    used 10068K, capacity 10772K, committed 10800K, reserved 1048576K
}
Event: 196.185 GC heap before
{Heap before GC invocations=19 (full 3):
 PSYoungGen      total 291328K, used 289851K [0x00000000e0000000, 0x00000000f8080000, 0x0000000100000000)
  eden space 270848K, 99% used [0x00000000e0000000,0x00000000f07102f8,0x00000000f0880000)
  from space 20480K, 99% used [0x00000000f0880000,0x00000000f1c7e968,0x00000000f1c80000)
  to   space 28672K, 0% used [0x00000000f6480000,0x00000000f6480000,0x00000000f8080000)
 ParOldGen       total 107008K, used 66590K [0x00000000a0000000, 0x00000000a6880000, 0x00000000e0000000)
  object space 107008K, 62% used [0x00000000a0000000,0x00000000a41079e0,0x00000000a6880000)
 Metaspace       used 76188K, capacity 79692K, committed 80048K, reserved 1118208K
  class space    used 10096K, capacity 10820K, committed 10928K, reserved 1048576K
Event: 196.352 GC heap after
Heap after GC invocations=19 (full 3):
 PSYoungGen      total 356864K, used 23194K [0x00000000e0000000, 0x00000000f7f00000, 0x0000000100000000)
  eden space 329728K, 0% used [0x00000000e0000000,0x00000000e0000000,0x00000000f4200000)
  from space 27136K, 85% used [0x00000000f6480000,0x00000000f7b26938,0x00000000f7f00000)
  to   space 31232K, 0% used [0x00000000f4200000,0x00000000f4200000,0x00000000f6080000)
 ParOldGen       total 107008K, used 84218K [0x00000000a0000000, 0x00000000a6880000, 0x00000000e0000000)
  object space 107008K, 78% used [0x00000000a0000000,0x00000000a523ea48,0x00000000a6880000)
 Metaspace       used 76188K, capacity 79692K, committed 80048K, reserved 1118208K
  class space    used 10096K, capacity 10820K, committed 10928K, reserved 1048576K
}
Event: 266.703 GC heap before
{Heap before GC invocations=20 (full 3):
 PSYoungGen      total 356864K, used 352922K [0x00000000e0000000, 0x00000000f7f00000, 0x0000000100000000)
  eden space 329728K, 100% used [0x00000000e0000000,0x00000000f4200000,0x00000000f4200000)
  from space 27136K, 85% used [0x00000000f6480000,0x00000000f7b26938,0x00000000f7f00000)
  to   space 31232K, 0% used [0x00000000f4200000,0x00000000f4200000,0x00000000f6080000)
 ParOldGen       total 107008K, used 84218K [0x00000000a0000000, 0x00000000a6880000, 0x00000000e0000000)
  object space 107008K, 78% used [0x00000000a0000000,0x00000000a523ea48,0x00000000a6880000)
 Metaspace       used 76707K, capacity 80466K, committed 80560K, reserved 1118208K
  class space    used 10142K, capacity 10903K, committed 10928K, reserved 1048576K
Event: 266.730 GC heap after
Heap after GC invocations=20 (full 3):
 PSYoungGen      total 360960K, used 12085K [0x00000000e0000000, 0x00000000fa300000, 0x0000000100000000)
  eden space 329728K, 0% used [0x00000000e0000000,0x00000000e0000000,0x00000000f4200000)
  from space 31232K, 38% used [0x00000000f4200000,0x00000000f4dcd628,0x00000000f6080000)
  to   space 29696K, 0% used [0x00000000f8600000,0x00000000f8600000,0x00000000fa300000)
 ParOldGen       total 107008K, used 84226K [0x00000000a0000000, 0x00000000a6880000, 0x00000000e0000000)
  object space 107008K, 78% used [0x00000000a0000000,0x00000000a5240a48,0x00000000a6880000)
 Metaspace       used 76707K, capacity 80466K, committed 80560K, reserved 1118208K
  class space    used 10142K, capacity 10903K, committed 10928K, reserved 1048576K
}
Event: 554.668 GC heap before
{Heap before GC invocations=21 (full 3):
 PSYoungGen      total 360960K, used 341813K [0x00000000e0000000, 0x00000000fa300000, 0x0000000100000000)
  eden space 329728K, 100% used [0x00000000e0000000,0x00000000f4200000,0x00000000f4200000)
  from space 31232K, 38% used [0x00000000f4200000,0x00000000f4dcd628,0x00000000f6080000)
  to   space 29696K, 0% used [0x00000000f8600000,0x00000000f8600000,0x00000000fa300000)
 ParOldGen       total 107008K, used 84226K [0x00000000a0000000, 0x00000000a6880000, 0x00000000e0000000)
  object space 107008K, 78% used [0x00000000a0000000,0x00000000a5240a48,0x00000000a6880000)
 Metaspace       used 82482K, capacity 86544K, committed 86704K, reserved 1124352K
  class space    used 10808K, capacity 11636K, committed 11696K, reserved 1048576K
Event: 554.777 GC heap after
Heap after GC invocations=21 (full 3):
 PSYoungGen      total 392192K, used 29672K [0x00000000e0000000, 0x00000000fa600000, 0x0000000100000000)
  eden space 362496K, 0% used [0x00000000e0000000,0x00000000e0000000,0x00000000f6200000)
  from space 29696K, 99% used [0x00000000f8600000,0x00000000fa2fa258,0x00000000fa300000)
  to   space 34816K, 0% used [0x00000000f6200000,0x00000000f6200000,0x00000000f8400000)
 ParOldGen       total 107008K, used 85674K [0x00000000a0000000, 0x00000000a6880000, 0x00000000e0000000)
  object space 107008K, 80% used [0x00000000a0000000,0x00000000a53aa840,0x00000000a6880000)
 Metaspace       used 82482K, capacity 86544K, committed 86704K, reserved 1124352K
  class space    used 10808K, capacity 11636K, committed 11696K, reserved 1048576K
}
Event: 566.704 GC heap before
{Heap before GC invocations=22 (full 3):
 PSYoungGen      total 392192K, used 392168K [0x00000000e0000000, 0x00000000fa600000, 0x0000000100000000)
  eden space 362496K, 100% used [0x00000000e0000000,0x00000000f6200000,0x00000000f6200000)
  from space 29696K, 99% used [0x00000000f8600000,0x00000000fa2fa258,0x00000000fa300000)
  to   space 34816K, 0% used [0x00000000f6200000,0x00000000f6200000,0x00000000f8400000)
 ParOldGen       total 107008K, used 85674K [0x00000000a0000000, 0x00000000a6880000, 0x00000000e0000000)
  object space 107008K, 80% used [0x00000000a0000000,0x00000000a53aa840,0x00000000a6880000)
 Metaspace       used 91261K, capacity 96004K, committed 96304K, reserved 1132544K
  class space    used 12091K, capacity 13014K, committed 13104K, reserved 1048576K
Event: 567.047 GC heap after
Heap after GC invocations=22 (full 3):
 PSYoungGen      total 397312K, used 34807K [0x00000000e0000000, 0x0000000100000000, 0x0000000100000000)
  eden space 362496K, 0% used [0x00000000e0000000,0x00000000e0000000,0x00000000f6200000)
  from space 34816K, 99% used [0x00000000f6200000,0x00000000f83fddc0,0x00000000f8400000)
  to   space 69632K, 0% used [0x00000000fbc00000,0x00000000fbc00000,0x0000000100000000)
 ParOldGen       total 165888K, used 165487K [0x00000000a0000000, 0x00000000aa200000, 0x00000000e0000000)
  object space 165888K, 99% used [0x00000000a0000000,0x00000000aa19bd38,0x00000000aa200000)
 Metaspace       used 91261K, capacity 96004K, committed 96304K, reserved 1132544K
  class space    used 12091K, capacity 13014K, committed 13104K, reserved 1048576K
}
Event: 567.047 GC heap before
{Heap before GC invocations=23 (full 4):
 PSYoungGen      total 397312K, used 34807K [0x00000000e0000000, 0x0000000100000000, 0x0000000100000000)
  eden space 362496K, 0% used [0x00000000e0000000,0x00000000e0000000,0x00000000f6200000)
  from space 34816K, 99% used [0x00000000f6200000,0x00000000f83fddc0,0x00000000f8400000)
  to   space 69632K, 0% used [0x00000000fbc00000,0x00000000fbc00000,0x0000000100000000)
 ParOldGen       total 165888K, used 165487K [0x00000000a0000000, 0x00000000aa200000, 0x00000000e0000000)
  object space 165888K, 99% used [0x00000000a0000000,0x00000000aa19bd38,0x00000000aa200000)
 Metaspace       used 91261K, capacity 96004K, committed 96304K, reserved 1132544K
  class space    used 12091K, capacity 13014K, committed 13104K, reserved 1048576K

