# JRE version: OpenJDK Runtime Environment (8.0_212-b04) (build 1.8.0_212-release-1586-b04)
# Java VM: OpenJDK 64-Bit Server VM (25.212-b04 mixed mode windows-amd64 compressed oops)
Heap:
 PSYoungGen      total 347648K, used 299161K [0x00000000e0000000, 0x00000000fb780000, 0x0000000100000000)
  eden space 320000K, 84% used [0x00000000e0000000,0x00000000f092c868,0x00000000f3880000)
  from space 27648K, 99% used [0x00000000f3880000,0x00000000f5379e00,0x00000000f5380000)
  to   space 36864K, 0% used [0x00000000f9380000,0x00000000f9380000,0x00000000fb780000)
 ParOldGen       total 149504K, used 48517K [0x00000000a0000000, 0x00000000a9200000, 0x00000000e0000000)
  object space 149504K, 32% used [0x00000000a0000000,0x00000000a2f616f0,0x00000000a9200000)
 Metaspace       used 85472K, capacity 89146K, committed 89304K, reserved 1126400K
  class space    used 11417K, capacity 12169K, committed 12288K, reserved 1048576K
GC Heap History (10 events):
Event: 17.686 GC heap before
{Heap before GC invocations=10 (full 2):
 PSYoungGen      total 256000K, used 241664K [0x00000000e0000000, 0x00000000f2880000, 0x0000000100000000)
  eden space 241664K, 100% used [0x00000000e0000000,0x00000000eec00000,0x00000000eec00000)
  from space 14336K, 0% used [0x00000000eec00000,0x00000000eec00000,0x00000000efa00000)
  to   space 14848K, 0% used [0x00000000f1a00000,0x00000000f1a00000,0x00000000f2880000)
 ParOldGen       total 99328K, used 17541K [0x00000000a0000000, 0x00000000a6100000, 0x00000000e0000000)
  object space 99328K, 17% used [0x00000000a0000000,0x00000000a1121560,0x00000000a6100000)
 Metaspace       used 54004K, capacity 55690K, committed 55808K, reserved 1097728K
  class space    used 7419K, capacity 7857K, committed 7936K, reserved 1048576K
Event: 17.731 GC heap after
Heap after GC invocations=10 (full 2):
 PSYoungGen      total 280576K, used 14844K [0x00000000e0000000, 0x00000000f6580000, 0x0000000100000000)
  eden space 265728K, 0% used [0x00000000e0000000,0x00000000e0000000,0x00000000f0380000)
  from space 14848K, 99% used [0x00000000f1a00000,0x00000000f287f350,0x00000000f2880000)
  to   space 23040K, 0% used [0x00000000f0380000,0x00000000f0380000,0x00000000f1a00000)
 ParOldGen       total 99328K, used 30717K [0x00000000a0000000, 0x00000000a6100000, 0x00000000e0000000)
  object space 99328K, 30% used [0x00000000a0000000,0x00000000a1dff6d8,0x00000000a6100000)
 Metaspace       used 54004K, capacity 55690K, committed 55808K, reserved 1097728K
  class space    used 7419K, capacity 7857K, committed 7936K, reserved 1048576K
}
Event: 18.639 GC heap before
{Heap before GC invocations=11 (full 2):
 PSYoungGen      total 280576K, used 69050K [0x00000000e0000000, 0x00000000f6580000, 0x0000000100000000)
  eden space 265728K, 20% used [0x00000000e0000000,0x00000000e34ef600,0x00000000f0380000)
  from space 14848K, 99% used [0x00000000f1a00000,0x00000000f287f350,0x00000000f2880000)
  to   space 23040K, 0% used [0x00000000f0380000,0x00000000f0380000,0x00000000f1a00000)
 ParOldGen       total 99328K, used 30717K [0x00000000a0000000, 0x00000000a6100000, 0x00000000e0000000)
  object space 99328K, 30% used [0x00000000a0000000,0x00000000a1dff6d8,0x00000000a6100000)
 Metaspace       used 57133K, capacity 58952K, committed 59096K, reserved 1099776K
  class space    used 7895K, capacity 8345K, committed 8448K, reserved 1048576K
Event: 18.670 GC heap after
Heap after GC invocations=11 (full 2):
 PSYoungGen      total 288768K, used 19765K [0x00000000e0000000, 0x00000000f7200000, 0x0000000100000000)
  eden space 265728K, 0% used [0x00000000e0000000,0x00000000e0000000,0x00000000f0380000)
  from space 23040K, 85% used [0x00000000f0380000,0x00000000f16cd548,0x00000000f1a00000)
  to   space 25088K, 0% used [0x00000000f5980000,0x00000000f5980000,0x00000000f7200000)
 ParOldGen       total 99328K, used 30789K [0x00000000a0000000, 0x00000000a6100000, 0x00000000e0000000)
  object space 99328K, 30% used [0x00000000a0000000,0x00000000a1e116e8,0x00000000a6100000)
 Metaspace       used 57133K, capacity 58952K, committed 59096K, reserved 1099776K
  class space    used 7895K, capacity 8345K, committed 8448K, reserved 1048576K
}
Event: 18.670 GC heap before
{Heap before GC invocations=12 (full 3):
 PSYoungGen      total 288768K, used 19765K [0x00000000e0000000, 0x00000000f7200000, 0x0000000100000000)
  eden space 265728K, 0% used [0x00000000e0000000,0x00000000e0000000,0x00000000f0380000)
  from space 23040K, 85% used [0x00000000f0380000,0x00000000f16cd548,0x00000000f1a00000)
  to   space 25088K, 0% used [0x00000000f5980000,0x00000000f5980000,0x00000000f7200000)
 ParOldGen       total 99328K, used 30789K [0x00000000a0000000, 0x00000000a6100000, 0x00000000e0000000)
  object space 99328K, 30% used [0x00000000a0000000,0x00000000a1e116e8,0x00000000a6100000)
 Metaspace       used 57133K, capacity 58952K, committed 59096K, reserved 1099776K
  class space    used 7895K, capacity 8345K, committed 8448K, reserved 1048576K
Event: 18.929 GC heap after
Heap after GC invocations=12 (full 3):
 PSYoungGen      total 288768K, used 0K [0x00000000e0000000, 0x00000000f7200000, 0x0000000100000000)
  eden space 265728K, 0% used [0x00000000e0000000,0x00000000e0000000,0x00000000f0380000)
  from space 23040K, 0% used [0x00000000f0380000,0x00000000f0380000,0x00000000f1a00000)
  to   space 25088K, 0% used [0x00000000f5980000,0x00000000f5980000,0x00000000f7200000)
 ParOldGen       total 149504K, used 34486K [0x00000000a0000000, 0x00000000a9200000, 0x00000000e0000000)
  object space 149504K, 23% used [0x00000000a0000000,0x00000000a21adb38,0x00000000a9200000)
 Metaspace       used 57133K, capacity 58952K, committed 59096K, reserved 1099776K
  class space    used 7895K, capacity 8345K, committed 8448K, reserved 1048576K
}
Event: 25.280 GC heap before
{Heap before GC invocations=13 (full 3):
 PSYoungGen      total 288768K, used 265728K [0x00000000e0000000, 0x00000000f7200000, 0x0000000100000000)
  eden space 265728K, 100% used [0x00000000e0000000,0x00000000f0380000,0x00000000f0380000)
  from space 23040K, 0% used [0x00000000f0380000,0x00000000f0380000,0x00000000f1a00000)
  to   space 25088K, 0% used [0x00000000f5980000,0x00000000f5980000,0x00000000f7200000)
 ParOldGen       total 149504K, used 34486K [0x00000000a0000000, 0x00000000a9200000, 0x00000000e0000000)
  object space 149504K, 23% used [0x00000000a0000000,0x00000000a21adb38,0x00000000a9200000)
 Metaspace       used 64938K, capacity 67336K, committed 67544K, reserved 1107968K
  class space    used 8886K, capacity 9432K, committed 9472K, reserved 1048576K
Event: 25.333 GC heap after
Heap after GC invocations=13 (full 3):
 PSYoungGen      total 340480K, used 21216K [0x00000000e0000000, 0x00000000f6e80000, 0x0000000100000000)
  eden space 318976K, 0% used [0x00000000e0000000,0x00000000e0000000,0x00000000f3780000)
  from space 21504K, 98% used [0x00000000f5980000,0x00000000f6e38100,0x00000000f6e80000)
  to   space 27648K, 0% used [0x00000000f3880000,0x00000000f3880000,0x00000000f5380000)
 ParOldGen       total 149504K, used 34494K [0x00000000a0000000, 0x00000000a9200000, 0x00000000e0000000)
  object space 149504K, 23% used [0x00000000a0000000,0x00000000a21afb38,0x00000000a9200000)
 Metaspace       used 64938K, capacity 67336K, committed 67544K, reserved 1107968K
  class space    used 8886K, capacity 9432K, committed 9472K, reserved 1048576K
}
Event: 40.618 GC heap before
{Heap before GC invocations=14 (full 3):
 PSYoungGen      total 340480K, used 339997K [0x00000000e0000000, 0x00000000f6e80000, 0x0000000100000000)
  eden space 318976K, 99% used [0x00000000e0000000,0x00000000f374f6c8,0x00000000f3780000)
  from space 21504K, 98% used [0x00000000f5980000,0x00000000f6e38100,0x00000000f6e80000)
  to   space 27648K, 0% used [0x00000000f3880000,0x00000000f3880000,0x00000000f5380000)
 ParOldGen       total 149504K, used 34494K [0x00000000a0000000, 0x00000000a9200000, 0x00000000e0000000)
  object space 149504K, 23% used [0x00000000a0000000,0x00000000a21afb38,0x00000000a9200000)
 Metaspace       used 76203K, capacity 78674K, committed 79064K, reserved 1118208K
  class space    used 10121K, capacity 10675K, committed 10752K, reserved 1048576K
Event: 40.728 GC heap after
Heap after GC invocations=14 (full 3):
 PSYoungGen      total 347648K, used 27623K [0x00000000e0000000, 0x00000000fb780000, 0x0000000100000000)
  eden space 320000K, 0% used [0x00000000e0000000,0x00000000e0000000,0x00000000f3880000)
  from space 27648K, 99% used [0x00000000f3880000,0x00000000f5379e00,0x00000000f5380000)
  to   space 36864K, 0% used [0x00000000f9380000,0x00000000f9380000,0x00000000fb780000)
 ParOldGen       total 149504K, used 48517K [0x00000000a0000000, 0x00000000a9200000, 0x00000000e0000000)
  object space 149504K, 32% used [0x00000000a0000000,0x00000000a2f616f0,0x00000000a9200000)
 Metaspace       used 76203K, capacity 78674K, committed 79064K, reserved 1118208K
  class space    used 10121K, capacity 10675K, committed 10752K, reserved 1048576K
}

