# JRE version: OpenJDK Runtime Environment (8.0_242-b01) (build 1.8.0_242-release-1644-b01)
# Java VM: OpenJDK 64-Bit Server VM (25.242-b01 mixed mode windows-amd64 compressed oops)
Heap:
 PSYoungGen      total 391168K, used 296094K [0x00000000e0000000, 0x00000000ff780000, 0x0000000100000000)
  eden space 273920K, 100% used [0x00000000e0000000,0x00000000f0b80000,0x00000000f0b80000)
  from space 117248K, 18% used [0x00000000f8500000,0x00000000f9aa7b78,0x00000000ff780000)
  to   space 120832K, 24% used [0x00000000f0b80000,0x00000000f27fa0a0,0x00000000f8180000)
 ParOldGen       total 260096K, used 115309K [0x00000000a0000000, 0x00000000afe00000, 0x00000000e0000000)
  object space 260096K, 44% used [0x00000000a0000000,0x00000000a709b628,0x00000000afe00000)
 Metaspace       used 110537K, capacity 118344K, committed 118656K, reserved 1153024K
  class space    used 14060K, capacity 15418K, committed 15488K, reserved 1048576K
GC Heap History (10 events):
Event: 3974.293 GC heap after
Heap after GC invocations=41 (full 5):
 PSYoungGen      total 393216K, used 15362K [0x00000000e0000000, 0x0000000100000000, 0x0000000100000000)
  eden space 260608K, 0% used [0x00000000e0000000,0x00000000e0000000,0x00000000efe80000)
  from space 132608K, 11% used [0x00000000f7e80000,0x00000000f8d80a00,0x0000000100000000)
  to   space 131072K, 0% used [0x00000000efe80000,0x00000000efe80000,0x00000000f7e80000)
 ParOldGen       total 260096K, used 113775K [0x00000000a0000000, 0x00000000afe00000, 0x00000000e0000000)
  object space 260096K, 43% used [0x00000000a0000000,0x00000000a6f1bea0,0x00000000afe00000)
 Metaspace       used 95017K, capacity 101784K, committed 103040K, reserved 1138688K
  class space    used 12153K, capacity 13246K, committed 13440K, reserved 1048576K
}
Event: 3980.251 GC heap before
{Heap before GC invocations=42 (full 5):
 PSYoungGen      total 393216K, used 275970K [0x00000000e0000000, 0x0000000100000000, 0x0000000100000000)
  eden space 260608K, 100% used [0x00000000e0000000,0x00000000efe80000,0x00000000efe80000)
  from space 132608K, 11% used [0x00000000f7e80000,0x00000000f8d80a00,0x0000000100000000)
  to   space 131072K, 0% used [0x00000000efe80000,0x00000000efe80000,0x00000000f7e80000)
 ParOldGen       total 260096K, used 113775K [0x00000000a0000000, 0x00000000afe00000, 0x00000000e0000000)
  object space 260096K, 43% used [0x00000000a0000000,0x00000000a6f1bea0,0x00000000afe00000)
 Metaspace       used 95367K, capacity 102088K, committed 103040K, reserved 1138688K
  class space    used 12175K, capacity 13286K, committed 13440K, reserved 1048576K
Event: 3980.302 GC heap after
Heap after GC invocations=42 (full 5):
 PSYoungGen      total 301056K, used 40220K [0x00000000e0000000, 0x00000000ff180000, 0x0000000100000000)
  eden space 260608K, 0% used [0x00000000e0000000,0x00000000e0000000,0x00000000efe80000)
  from space 40448K, 99% used [0x00000000efe80000,0x00000000f25c7108,0x00000000f2600000)
  to   space 124416K, 0% used [0x00000000f7800000,0x00000000f7800000,0x00000000ff180000)
 ParOldGen       total 260096K, used 113783K [0x00000000a0000000, 0x00000000afe00000, 0x00000000e0000000)
  object space 260096K, 43% used [0x00000000a0000000,0x00000000a6f1dea0,0x00000000afe00000)
 Metaspace       used 95367K, capacity 102088K, committed 103040K, reserved 1138688K
  class space    used 12175K, capacity 13286K, committed 13440K, reserved 1048576K
}
Event: 3983.427 GC heap before
{Heap before GC invocations=43 (full 5):
 PSYoungGen      total 301056K, used 300797K [0x00000000e0000000, 0x00000000ff180000, 0x0000000100000000)
  eden space 260608K, 99% used [0x00000000e0000000,0x00000000efe78328,0x00000000efe80000)
  from space 40448K, 99% used [0x00000000efe80000,0x00000000f25c7108,0x00000000f2600000)
  to   space 124416K, 0% used [0x00000000f7800000,0x00000000f7800000,0x00000000ff180000)
 ParOldGen       total 260096K, used 113783K [0x00000000a0000000, 0x00000000afe00000, 0x00000000e0000000)
  object space 260096K, 43% used [0x00000000a0000000,0x00000000a6f1dea0,0x00000000afe00000)
 Metaspace       used 95524K, capacity 102360K, committed 103040K, reserved 1138688K
  class space    used 12190K, capacity 13326K, committed 13440K, reserved 1048576K
Event: 3983.539 GC heap after
Heap after GC invocations=43 (full 5):
 PSYoungGen      total 383488K, used 72765K [0x00000000e0000000, 0x0000000100000000, 0x0000000100000000)
  eden space 259072K, 0% used [0x00000000e0000000,0x00000000e0000000,0x00000000efd00000)
  from space 124416K, 58% used [0x00000000f7800000,0x00000000fbf0f7c8,0x00000000ff180000)
  to   space 125952K, 0% used [0x00000000efd00000,0x00000000efd00000,0x00000000f7800000)
 ParOldGen       total 260096K, used 113791K [0x00000000a0000000, 0x00000000afe00000, 0x00000000e0000000)
  object space 260096K, 43% used [0x00000000a0000000,0x00000000a6f1fea0,0x00000000afe00000)
 Metaspace       used 95524K, capacity 102360K, committed 103040K, reserved 1138688K
  class space    used 12190K, capacity 13326K, committed 13440K, reserved 1048576K
}
Event: 4225.068 GC heap before
{Heap before GC invocations=44 (full 5):
 PSYoungGen      total 383488K, used 331837K [0x00000000e0000000, 0x0000000100000000, 0x0000000100000000)
  eden space 259072K, 100% used [0x00000000e0000000,0x00000000efd00000,0x00000000efd00000)
  from space 124416K, 58% used [0x00000000f7800000,0x00000000fbf0f7c8,0x00000000ff180000)
  to   space 125952K, 0% used [0x00000000efd00000,0x00000000efd00000,0x00000000f7800000)
 ParOldGen       total 260096K, used 113791K [0x00000000a0000000, 0x00000000afe00000, 0x00000000e0000000)
  object space 260096K, 43% used [0x00000000a0000000,0x00000000a6f1fea0,0x00000000afe00000)
 Metaspace       used 95617K, capacity 102380K, committed 103040K, reserved 1138688K
  class space    used 12190K, capacity 13326K, committed 13440K, reserved 1048576K
Event: 4225.103 GC heap after
Heap after GC invocations=44 (full 5):
 PSYoungGen      total 385024K, used 16082K [0x00000000e0000000, 0x00000000ffe80000, 0x0000000100000000)
  eden space 259072K, 0% used [0x00000000e0000000,0x00000000e0000000,0x00000000efd00000)
  from space 125952K, 12% used [0x00000000efd00000,0x00000000f0cb4b30,0x00000000f7800000)
  to   space 124416K, 0% used [0x00000000f8500000,0x00000000f8500000,0x00000000ffe80000)
 ParOldGen       total 260096K, used 113799K [0x00000000a0000000, 0x00000000afe00000, 0x00000000e0000000)
  object space 260096K, 43% used [0x00000000a0000000,0x00000000a6f21ea0,0x00000000afe00000)
 Metaspace       used 95617K, capacity 102380K, committed 103040K, reserved 1138688K
  class space    used 12190K, capacity 13326K, committed 13440K, reserved 1048576K
}
Event: 4648.377 GC heap before
{Heap before GC invocations=45 (full 5):
 PSYoungGen      total 385024K, used 275154K [0x00000000e0000000, 0x00000000ffe80000, 0x0000000100000000)
  eden space 259072K, 100% used [0x00000000e0000000,0x00000000efd00000,0x00000000efd00000)
  from space 125952K, 12% used [0x00000000efd00000,0x00000000f0cb4b30,0x00000000f7800000)
  to   space 124416K, 0% used [0x00000000f8500000,0x00000000f8500000,0x00000000ffe80000)
 ParOldGen       total 260096K, used 113799K [0x00000000a0000000, 0x00000000afe00000, 0x00000000e0000000)
  object space 260096K, 43% used [0x00000000a0000000,0x00000000a6f21ea0,0x00000000afe00000)
 Metaspace       used 102997K, capacity 110416K, committed 110592K, reserved 1144832K
  class space    used 13087K, capacity 14299K, committed 14336K, reserved 1048576K
Event: 4648.418 GC heap after
Heap after GC invocations=45 (full 5):
 PSYoungGen      total 391168K, used 22174K [0x00000000e0000000, 0x00000000ff780000, 0x0000000100000000)
  eden space 273920K, 0% used [0x00000000e0000000,0x00000000e0000000,0x00000000f0b80000)
  from space 117248K, 18% used [0x00000000f8500000,0x00000000f9aa7b78,0x00000000ff780000)
  to   space 120832K, 0% used [0x00000000f0b80000,0x00000000f0b80000,0x00000000f8180000)
 ParOldGen       total 260096K, used 115301K [0x00000000a0000000, 0x00000000afe00000, 0x00000000e0000000)
  object space 260096K, 44% used [0x00000000a0000000,0x00000000a7099628,0x00000000afe00000)
 Metaspace       used 102997K, capacity 110416K, committed 110592K, reserved 1144832K
  class space    used 13087K, capacity 14299K, committed 14336K, reserved 1048576K
}
Event: 5226.478 GC heap before
{Heap before GC invocations=46 (full 5):
 PSYoungGen      total 391168K, used 296094K [0x00000000e0000000, 0x00000000ff780000, 0x0000000100000000)
  eden space 273920K, 100% used [0x00000000e0000000,0x00000000f0b80000,0x00000000f0b80000)
  from space 117248K, 18% used [0x00000000f8500000,0x00000000f9aa7b78,0x00000000ff780000)
  to   space 120832K, 0% used [0x00000000f0b80000,0x00000000f0b80000,0x00000000f8180000)
 ParOldGen       total 260096K, used 115301K [0x00000000a0000000, 0x00000000afe00000, 0x00000000e0000000)
  object space 260096K, 44% used [0x00000000a0000000,0x00000000a7099628,0x00000000afe00000)
 Metaspace       used 110537K, capacity 118344K, committed 118656K, reserved 1153024K
  class space    used 14060K, capacity 15418K, committed 15488K, reserved 1048576K

