# JRE version: OpenJDK Runtime Environment (8.0_242-b01) (build 1.8.0_242-release-1644-b01)
# Java VM: OpenJDK 64-Bit Server VM (25.242-b01 mixed mode windows-amd64 compressed oops)
Heap:
 PSYoungGen      total 409600K, used 310711K [0x00000000e0000000, 0x0000000100000000, 0x0000000100000000)
  eden space 294912K, 100% used [0x00000000e0000000,0x00000000f2000000,0x00000000f2000000)
  from space 114688K, 13% used [0x00000000f2000000,0x00000000f2f6dc28,0x00000000f9000000)
  to   space 110592K, 8% used [0x00000000f9400000,0x00000000f9cf0020,0x0000000100000000)
 ParOldGen       total 280064K, used 245429K [0x00000000a0000000, 0x00000000b1180000, 0x00000000e0000000)
  object space 280064K, 87% used [0x00000000a0000000,0x00000000aefad590,0x00000000b1180000)
 Metaspace       used 102721K, capacity 111138K, committed 111280K, reserved 1146880K
  class space    used 12980K, capacity 14461K, committed 14512K, reserved 1048576K
GC Heap History (10 events):
Event: 24882.336 GC heap before
{Heap before GC invocations=56 (full 5):
 PSYoungGen      total 412672K, used 324924K [0x00000000e0000000, 0x0000000100000000, 0x0000000100000000)
  eden space 298496K, 98% used [0x00000000e0000000,0x00000000f1f32088,0x00000000f2380000)
  from space 114176K, 27% used [0x00000000f8e00000,0x00000000fac1d190,0x00000000ffd80000)
  to   space 109056K, 0% used [0x00000000f2380000,0x00000000f2380000,0x00000000f8e00000)
 ParOldGen       total 280064K, used 241080K [0x00000000a0000000, 0x00000000b1180000, 0x00000000e0000000)
  object space 280064K, 86% used [0x00000000a0000000,0x00000000aeb6e350,0x00000000b1180000)
 Metaspace       used 100521K, capacity 106966K, committed 107056K, reserved 1142784K
  class space    used 12655K, capacity 13863K, committed 13872K, reserved 1048576K
Event: 24882.353 GC heap after
Heap after GC invocations=56 (full 5):
 PSYoungGen      total 407552K, used 573K [0x00000000e0000000, 0x00000000ffb00000, 0x0000000100000000)
  eden space 298496K, 0% used [0x00000000e0000000,0x00000000e0000000,0x00000000f2380000)
  from space 109056K, 0% used [0x00000000f2380000,0x00000000f240f478,0x00000000f8e00000)
  to   space 109056K, 0% used [0x00000000f9080000,0x00000000f9080000,0x00000000ffb00000)
 ParOldGen       total 280064K, used 243981K [0x00000000a0000000, 0x00000000b1180000, 0x00000000e0000000)
  object space 280064K, 87% used [0x00000000a0000000,0x00000000aee436d0,0x00000000b1180000)
 Metaspace       used 100521K, capacity 106966K, committed 107056K, reserved 1142784K
  class space    used 12655K, capacity 13863K, committed 13872K, reserved 1048576K
}
Event: 25060.868 GC heap before
{Heap before GC invocations=57 (full 5):
 PSYoungGen      total 407552K, used 299069K [0x00000000e0000000, 0x00000000ffb00000, 0x0000000100000000)
  eden space 298496K, 100% used [0x00000000e0000000,0x00000000f2380000,0x00000000f2380000)
  from space 109056K, 0% used [0x00000000f2380000,0x00000000f240f478,0x00000000f8e00000)
  to   space 109056K, 0% used [0x00000000f9080000,0x00000000f9080000,0x00000000ffb00000)
 ParOldGen       total 280064K, used 243981K [0x00000000a0000000, 0x00000000b1180000, 0x00000000e0000000)
  object space 280064K, 87% used [0x00000000a0000000,0x00000000aee436d0,0x00000000b1180000)
 Metaspace       used 101653K, capacity 109554K, committed 109872K, reserved 1144832K
  class space    used 12882K, capacity 14283K, committed 14384K, reserved 1048576K
Event: 25060.929 GC heap after
Heap after GC invocations=57 (full 5):
 PSYoungGen      total 411136K, used 20895K [0x00000000e0000000, 0x00000000ff800000, 0x0000000100000000)
  eden space 305152K, 0% used [0x00000000e0000000,0x00000000e0000000,0x00000000f2a00000)
  from space 105984K, 19% used [0x00000000f9080000,0x00000000fa4e7e58,0x00000000ff800000)
  to   space 104960K, 0% used [0x00000000f2a00000,0x00000000f2a00000,0x00000000f9080000)
 ParOldGen       total 280064K, used 244069K [0x00000000a0000000, 0x00000000b1180000, 0x00000000e0000000)
  object space 280064K, 87% used [0x00000000a0000000,0x00000000aee59710,0x00000000b1180000)
 Metaspace       used 101653K, capacity 109554K, committed 109872K, reserved 1144832K
  class space    used 12882K, capacity 14283K, committed 14384K, reserved 1048576K
}
Event: 25240.314 GC heap before
{Heap before GC invocations=58 (full 5):
 PSYoungGen      total 411136K, used 326047K [0x00000000e0000000, 0x00000000ff800000, 0x0000000100000000)
  eden space 305152K, 100% used [0x00000000e0000000,0x00000000f2a00000,0x00000000f2a00000)
  from space 105984K, 19% used [0x00000000f9080000,0x00000000fa4e7e58,0x00000000ff800000)
  to   space 104960K, 0% used [0x00000000f2a00000,0x00000000f2a00000,0x00000000f9080000)
 ParOldGen       total 280064K, used 244069K [0x00000000a0000000, 0x00000000b1180000, 0x00000000e0000000)
  object space 280064K, 87% used [0x00000000a0000000,0x00000000aee59710,0x00000000b1180000)
 Metaspace       used 102046K, capacity 110260K, committed 110384K, reserved 1144832K
  class space    used 12930K, capacity 14368K, committed 14384K, reserved 1048576K
Event: 25240.332 GC heap after
Heap after GC invocations=58 (full 5):
 PSYoungGen      total 410112K, used 8784K [0x00000000e0000000, 0x00000000ffa00000, 0x0000000100000000)
  eden space 305152K, 0% used [0x00000000e0000000,0x00000000e0000000,0x00000000f2a00000)
  from space 104960K, 8% used [0x00000000f2a00000,0x00000000f3294010,0x00000000f9080000)
  to   space 102400K, 0% used [0x00000000f9600000,0x00000000f9600000,0x00000000ffa00000)
 ParOldGen       total 280064K, used 245261K [0x00000000a0000000, 0x00000000b1180000, 0x00000000e0000000)
  object space 280064K, 87% used [0x00000000a0000000,0x00000000aef83590,0x00000000b1180000)
 Metaspace       used 102046K, capacity 110260K, committed 110384K, reserved 1144832K
  class space    used 12930K, capacity 14368K, committed 14384K, reserved 1048576K
}
Event: 25244.175 GC heap before
{Heap before GC invocations=59 (full 5):
 PSYoungGen      total 410112K, used 313936K [0x00000000e0000000, 0x00000000ffa00000, 0x0000000100000000)
  eden space 305152K, 100% used [0x00000000e0000000,0x00000000f2a00000,0x00000000f2a00000)
  from space 104960K, 8% used [0x00000000f2a00000,0x00000000f3294010,0x00000000f9080000)
  to   space 102400K, 0% used [0x00000000f9600000,0x00000000f9600000,0x00000000ffa00000)
 ParOldGen       total 280064K, used 245261K [0x00000000a0000000, 0x00000000b1180000, 0x00000000e0000000)
  object space 280064K, 87% used [0x00000000a0000000,0x00000000aef83590,0x00000000b1180000)
 Metaspace       used 102323K, capacity 110606K, committed 110768K, reserved 1144832K
  class space    used 12955K, capacity 14415K, committed 14512K, reserved 1048576K
Event: 25244.337 GC heap after
Heap after GC invocations=59 (full 5):
 PSYoungGen      total 397312K, used 84264K [0x00000000e0000000, 0x0000000100000000, 0x0000000100000000)
  eden space 294912K, 0% used [0x00000000e0000000,0x00000000e0000000,0x00000000f2000000)
  from space 102400K, 82% used [0x00000000f9600000,0x00000000fe84a170,0x00000000ffa00000)
  to   space 114688K, 0% used [0x00000000f2000000,0x00000000f2000000,0x00000000f9000000)
 ParOldGen       total 280064K, used 245269K [0x00000000a0000000, 0x00000000b1180000, 0x00000000e0000000)
  object space 280064K, 87% used [0x00000000a0000000,0x00000000aef85590,0x00000000b1180000)
 Metaspace       used 102323K, capacity 110606K, committed 110768K, reserved 1144832K
  class space    used 12955K, capacity 14415K, committed 14512K, reserved 1048576K
}
Event: 25512.752 GC heap before
{Heap before GC invocations=60 (full 5):
 PSYoungGen      total 397312K, used 379176K [0x00000000e0000000, 0x0000000100000000, 0x0000000100000000)
  eden space 294912K, 100% used [0x00000000e0000000,0x00000000f2000000,0x00000000f2000000)
  from space 102400K, 82% used [0x00000000f9600000,0x00000000fe84a170,0x00000000ffa00000)
  to   space 114688K, 0% used [0x00000000f2000000,0x00000000f2000000,0x00000000f9000000)
 ParOldGen       total 280064K, used 245269K [0x00000000a0000000, 0x00000000b1180000, 0x00000000e0000000)
  object space 280064K, 87% used [0x00000000a0000000,0x00000000aef85590,0x00000000b1180000)
 Metaspace       used 102409K, capacity 110636K, committed 110768K, reserved 1144832K
  class space    used 12958K, capacity 14420K, committed 14512K, reserved 1048576K
Event: 25512.810 GC heap after
Heap after GC invocations=60 (full 5):
 PSYoungGen      total 409600K, used 15799K [0x00000000e0000000, 0x0000000100000000, 0x0000000100000000)
  eden space 294912K, 0% used [0x00000000e0000000,0x00000000e0000000,0x00000000f2000000)
  from space 114688K, 13% used [0x00000000f2000000,0x00000000f2f6dc28,0x00000000f9000000)
  to   space 110592K, 0% used [0x00000000f9400000,0x00000000f9400000,0x0000000100000000)
 ParOldGen       total 280064K, used 245429K [0x00000000a0000000, 0x00000000b1180000, 0x00000000e0000000)
  object space 280064K, 87% used [0x00000000a0000000,0x00000000aefad590,0x00000000b1180000)
 Metaspace       used 102409K, capacity 110636K, committed 110768K, reserved 1144832K
  class space    used 12958K, capacity 14420K, committed 14512K, reserved 1048576K
}

